PetHealth/app-clinic/build/outputs/logs/manifest-merger-debug-report.txt
-- Merging decision tree log ---
manifest
ADDED from src/main/AndroidManifest.xml:2:1-47:12
INJECTED from src/main/AndroidManifest.xml:2:1-47:12
INJECTED from src/main/AndroidManifest.xml:2:1-47:12
INJECTED from src/main/AndroidManifest.xml:2:1-47:12
MERGED from [:resources] AndroidManifest.xml:2:1-11:12
MERGED from [com.android.support:design:28.0.0] AndroidManifest.xml:17:1-24:12
MERGED from [com.android.support:appcompat-v7:28.0.0] AndroidManifest.xml:17:1-22:12
MERGED from [com.android.support.constraint:constraint-layout:1.1.3] AndroidManifest.xml:2:1-11:12
MERGED from [com.google.android.gms:play-services-maps:11.4.2] AndroidManifest.xml:16:1-25:12
MERGED from [com.google.android.gms:play-services-base:11.4.2] AndroidManifest.xml:16:1-21:12
MERGED from [com.google.android.gms:play-services-tasks:11.4.2] AndroidManifest.xml:2:1-5:12
MERGED from [com.google.android.gms:play-services-basement:11.4.2] AndroidManifest.xml:16:1-23:12
MERGED from [com.android.support:support-v4:28.0.0] AndroidManifest.xml:17:1-22:12
MERGED from [com.wang.avi:library:2.1.3] AndroidManifest.xml:2:1-11:12
MERGED from [com.amitshekhar.android:android-networking:1.0.0] AndroidManifest.xml:18:1-27:12
MERGED from [jp.wasabeef:picasso-transformations:2.2.1] AndroidManifest.xml:2:1-12:12
MERGED from [com.squareup.picasso:picasso:2.71828] AndroidManifest.xml:2:1-14:12
MERGED from [com.android.support:support-fragment:28.0.0] AndroidManifest.xml:17:1-22:12
MERGED from [com.android.support:animated-vector-drawable:28.0.0] AndroidManifest.xml:17:1-22:12
MERGED from [com.android.support:recyclerview-v7:28.0.0] AndroidManifest.xml:17:1-22:12
MERGED from [com.android.support:support-core-ui:28.0.0] AndroidManifest.xml:17:1-22:12
MERGED from [com.android.support:support-core-utils:28.0.0] AndroidManifest.xml:17:1-22:12
MERGED from [com.android.support:support-vector-drawable:28.0.0] AndroidManifest.xml:17:1-22:12
MERGED from [com.android.support:transition:28.0.0] AndroidManifest.xml:17:1-22:12
MERGED from [com.android.support:support-media-compat:28.0.0] AndroidManifest.xml:17:1-22:12
MERGED from [com.android.support:loader:28.0.0] AndroidManifest.xml:17:1-22:12
MERGED from [com.android.support:viewpager:28.0.0] AndroidManifest.xml:17:1-22:12
MERGED from [com.android.support:coordinatorlayout:28.0.0] AndroidManifest.xml:17:1-22:12
MERGED from [com.android.support:drawerlayout:28.0.0] AndroidManifest.xml:17:1-22:12
MERGED from [com.android.support:slidingpanelayout:28.0.0] AndroidManifest.xml:17:1-22:12
MERGED from [com.android.support:customview:28.0.0] AndroidManifest.xml:17:1-22:12
MERGED from [com.android.support:swiperefreshlayout:28.0.0] AndroidManifest.xml:17:1-22:12
MERGED from [com.android.support:asynclayoutinflater:28.0.0] AndroidManifest.xml:17:1-22:12
MERGED from [com.android.support:support-compat:28.0.0] AndroidManifest.xml:17:1-24:12
MERGED from [com.android.support:versionedparcelable:28.0.0] AndroidManifest.xml:17:1-25:12
MERGED from [com.android.support:cursoradapter:28.0.0] AndroidManifest.xml:17:1-22:12
MERGED from [com.android.support:cardview-v7:28.0.0] AndroidManifest.xml:17:1-22:12
MERGED from [com.android.support:exifinterface:27.1.0] AndroidManifest.xml:17:1-22:12
MERGED from [android.arch.lifecycle:runtime:1.1.1] AndroidManifest.xml:17:1-22:12
MERGED from [com.android.support:documentfile:28.0.0] AndroidManifest.xml:17:1-22:12
MERGED from [com.android.support:localbroadcastmanager:28.0.0] AndroidManifest.xml:17:1-22:12
MERGED from [com.android.support:print:28.0.0] AndroidManifest.xml:17:1-22:12
MERGED from [android.arch.lifecycle:viewmodel:1.1.1] AndroidManifest.xml:17:1-22:12
MERGED from [com.android.support:interpolator:28.0.0] AndroidManifest.xml:17:1-22:12
MERGED from [android.arch.lifecycle:livedata:1.1.1] AndroidManifest.xml:17:1-22:12
MERGED from [android.arch.lifecycle:livedata-core:1.1.1] AndroidManifest.xml:17:1-22:12
MERGED from [android.arch.core:runtime:1.1.1] AndroidManifest.xml:17:1-22:12
MERGED from [com.google.android.gms:play-services-maps-license:11.4.2] AndroidManifest.xml:2:1-6:12
MERGED from [com.google.android.gms:play-services-base-license:11.4.2] AndroidManifest.xml:2:1-6:12
MERGED from [com.google.android.gms:play-services-basement-license:11.4.2] AndroidManifest.xml:2:1-6:12
MERGED from [com.google.android.gms:play-services-tasks-license:11.4.2] AndroidManifest.xml:2:1-6:12
INJECTED from src/main/AndroidManifest.xml:2:1-47:12
INJECTED from src/main/AndroidManifest.xml:2:1-47:12
INJECTED from src/main/AndroidManifest.xml:2:1-47:12
	package
		ADDED from src/main/AndroidManifest.xml:4:5-32
		INJECTED from src/main/AndroidManifest.xml
		INJECTED from src/main/AndroidManifest.xml
	android:versionName
		INJECTED from src/main/AndroidManifest.xml
		ADDED from src/main/AndroidManifest.xml:2:1-47:12
		INJECTED from src/main/AndroidManifest.xml
	xmlns:tools
		ADDED from src/main/AndroidManifest.xml:3:5-51
	android:versionCode
		INJECTED from src/main/AndroidManifest.xml
		ADDED from src/main/AndroidManifest.xml:2:1-47:12
		INJECTED from src/main/AndroidManifest.xml
	xmlns:android
		ADDED from src/main/AndroidManifest.xml:2:11-69
uses-permission#android.permission.WAKE_LOCK
ADDED from src/main/AndroidManifest.xml:5:5-68
	android:name
		ADDED from src/main/AndroidManifest.xml:5:22-65
uses-permission#android.permission.INTERNET
ADDED from src/main/AndroidManifest.xml:6:5-67
MERGED from [com.google.android.gms:play-services-maps:11.4.2] AndroidManifest.xml:20:5-66
MERGED from [com.google.android.gms:play-services-maps:11.4.2] AndroidManifest.xml:20:5-66
	android:name
		ADDED from src/main/AndroidManifest.xml:6:22-64
uses-permission#android.permission.ACCESS_NETWORK_STATE
ADDED from src/main/AndroidManifest.xml:7:5-79
MERGED from [com.google.android.gms:play-services-maps:11.4.2] AndroidManifest.xml:19:5-78
MERGED from [com.google.android.gms:play-services-maps:11.4.2] AndroidManifest.xml:19:5-78
	android:name
		ADDED from src/main/AndroidManifest.xml:7:22-76
uses-permission#android.permission.CAMERA
ADDED from src/main/AndroidManifest.xml:8:5-65
	android:name
		ADDED from src/main/AndroidManifest.xml:8:22-62
uses-feature#android.hardware.camera
ADDED from src/main/AndroidManifest.xml:10:5-60
	android:name
		ADDED from src/main/AndroidManifest.xml:10:19-57
uses-feature#android.hardware.camera.autofocus
ADDED from src/main/AndroidManifest.xml:11:5-70
	android:name
		ADDED from src/main/AndroidManifest.xml:11:19-67
uses-permission#android.permission.WRITE_EXTERNAL_STORAGE
ADDED from src/main/AndroidManifest.xml:13:5-81
	android:name
		ADDED from src/main/AndroidManifest.xml:13:22-78
uses-permission#android.permission.ACCESS_FINE_LOCATION
ADDED from src/main/AndroidManifest.xml:19:5-79
	android:name
		ADDED from src/main/AndroidManifest.xml:19:22-76
application
ADDED from src/main/AndroidManifest.xml:20:5-45:19
MERGED from [com.android.support:design:28.0.0] AndroidManifest.xml:22:5-20
MERGED from [com.android.support:design:28.0.0] AndroidManifest.xml:22:5-20
MERGED from [com.android.support.constraint:constraint-layout:1.1.3] AndroidManifest.xml:9:5-20
MERGED from [com.android.support.constraint:constraint-layout:1.1.3] AndroidManifest.xml:9:5-20
MERGED from [com.google.android.gms:play-services-maps:11.4.2] AndroidManifest.xml:24:5-19
MERGED from [com.google.android.gms:play-services-maps:11.4.2] AndroidManifest.xml:24:5-19
MERGED from [com.google.android.gms:play-services-base:11.4.2] AndroidManifest.xml:18:5-20:19
MERGED from [com.google.android.gms:play-services-base:11.4.2] AndroidManifest.xml:18:5-20:19
MERGED from [com.google.android.gms:play-services-tasks:11.4.2] AndroidManifest.xml:4:5-19
MERGED from [com.google.android.gms:play-services-tasks:11.4.2] AndroidManifest.xml:4:5-19
MERGED from [com.google.android.gms:play-services-basement:11.4.2] AndroidManifest.xml:19:5-21:19
MERGED from [com.google.android.gms:play-services-basement:11.4.2] AndroidManifest.xml:19:5-21:19
MERGED from [com.squareup.picasso:picasso:2.71828] AndroidManifest.xml:7:5-12:19
MERGED from [com.squareup.picasso:picasso:2.71828] AndroidManifest.xml:7:5-12:19
MERGED from [com.android.support:support-compat:28.0.0] AndroidManifest.xml:22:5-94
MERGED from [com.android.support:support-compat:28.0.0] AndroidManifest.xml:22:5-94
MERGED from [com.android.support:versionedparcelable:28.0.0] AndroidManifest.xml:22:5-23:19
MERGED from [com.android.support:versionedparcelable:28.0.0] AndroidManifest.xml:22:5-23:19
MERGED from [com.google.android.gms:play-services-maps-license:11.4.2] AndroidManifest.xml:5:5-20
MERGED from [com.google.android.gms:play-services-maps-license:11.4.2] AndroidManifest.xml:5:5-20
MERGED from [com.google.android.gms:play-services-base-license:11.4.2] AndroidManifest.xml:5:5-20
MERGED from [com.google.android.gms:play-services-base-license:11.4.2] AndroidManifest.xml:5:5-20
MERGED from [com.google.android.gms:play-services-basement-license:11.4.2] AndroidManifest.xml:5:5-20
MERGED from [com.google.android.gms:play-services-basement-license:11.4.2] AndroidManifest.xml:5:5-20
MERGED from [com.google.android.gms:play-services-tasks-license:11.4.2] AndroidManifest.xml:5:5-20
MERGED from [com.google.android.gms:play-services-tasks-license:11.4.2] AndroidManifest.xml:5:5-20
	android:appComponentFactory
		ADDED from [com.android.support:support-compat:28.0.0] AndroidManifest.xml:22:18-91
	android:supportsRtl
		ADDED from src/main/AndroidManifest.xml:25:9-35
	android:label
		ADDED from src/main/AndroidManifest.xml:23:9-41
	tools:ignore
		ADDED from src/main/AndroidManifest.xml:27:9-60
	android:roundIcon
		ADDED from src/main/AndroidManifest.xml:24:9-54
	android:icon
		ADDED from src/main/AndroidManifest.xml:22:9-43
	android:allowBackup
		ADDED from src/main/AndroidManifest.xml:21:9-35
	android:theme
		ADDED from src/main/AndroidManifest.xml:26:9-40
activity#pe.edu.upc.clinic.activities.SignInActivity
ADDED from src/main/AndroidManifest.xml:28:9-34:20
	android:name
		ADDED from src/main/AndroidManifest.xml:28:19-60
intent-filter#action:name:android.intent.action.MAIN+category:name:android.intent.category.LAUNCHER
ADDED from src/main/AndroidManifest.xml:29:13-33:29
action#android.intent.action.MAIN
ADDED from src/main/AndroidManifest.xml:30:17-69
	android:name
		ADDED from src/main/AndroidManifest.xml:30:25-66
category#android.intent.category.LAUNCHER
ADDED from src/main/AndroidManifest.xml:32:17-77
	android:name
		ADDED from src/main/AndroidManifest.xml:32:27-74
activity#pe.edu.upc.clinic.activities.MainActivity
ADDED from src/main/AndroidManifest.xml:37:9-43:20
	tools:ignore
		ADDED from src/main/AndroidManifest.xml:37:59-93
	android:name
		ADDED from src/main/AndroidManifest.xml:37:19-58
uses-sdk
INJECTED from src/main/AndroidManifest.xml reason: use-sdk injection requested
INJECTED from src/main/AndroidManifest.xml
INJECTED from src/main/AndroidManifest.xml
MERGED from [:resources] AndroidManifest.xml:7:5-9:41
MERGED from [:resources] AndroidManifest.xml:7:5-9:41
MERGED from [com.android.support:design:28.0.0] AndroidManifest.xml:20:5-44
MERGED from [com.android.support:design:28.0.0] AndroidManifest.xml:20:5-44
MERGED from [com.android.support:appcompat-v7:28.0.0] AndroidManifest.xml:20:5-44
MERGED from [com.android.support:appcompat-v7:28.0.0] AndroidManifest.xml:20:5-44
MERGED from [com.android.support.constraint:constraint-layout:1.1.3] AndroidManifest.xml:5:5-7:41
MERGED from [com.android.support.constraint:constraint-layout:1.1.3] AndroidManifest.xml:5:5-7:41
MERGED from [com.google.android.gms:play-services-maps:11.4.2] AndroidManifest.xml:23:5-43
MERGED from [com.google.android.gms:play-services-maps:11.4.2] AndroidManifest.xml:23:5-43
MERGED from [com.google.android.gms:play-services-base:11.4.2] AndroidManifest.xml:17:5-43
MERGED from [com.google.android.gms:play-services-base:11.4.2] AndroidManifest.xml:17:5-43
MERGED from [com.google.android.gms:play-services-tasks:11.4.2] AndroidManifest.xml:3:5-43
MERGED from [com.google.android.gms:play-services-tasks:11.4.2] AndroidManifest.xml:3:5-43
MERGED from [com.google.android.gms:play-services-basement:11.4.2] AndroidManifest.xml:17:5-43
MERGED from [com.google.android.gms:play-services-basement:11.4.2] AndroidManifest.xml:17:5-43
MERGED from [com.android.support:support-v4:28.0.0] AndroidManifest.xml:20:5-44
MERGED from [com.android.support:support-v4:28.0.0] AndroidManifest.xml:20:5-44
MERGED from [com.wang.avi:library:2.1.3] AndroidManifest.xml:7:5-9:41
MERGED from [com.wang.avi:library:2.1.3] AndroidManifest.xml:7:5-9:41
MERGED from [com.amitshekhar.android:android-networking:1.0.0] AndroidManifest.xml:23:5-25:41
MERGED from [com.amitshekhar.android:android-networking:1.0.0] AndroidManifest.xml:23:5-25:41
MERGED from [jp.wasabeef:picasso-transformations:2.2.1] AndroidManifest.xml:8:5-10:41
MERGED from [jp.wasabeef:picasso-transformations:2.2.1] AndroidManifest.xml:8:5-10:41
MERGED from [com.squareup.picasso:picasso:2.71828] AndroidManifest.xml:5:5-44
MERGED from [com.squareup.picasso:picasso:2.71828] AndroidManifest.xml:5:5-44
MERGED from [com.android.support:support-fragment:28.0.0] AndroidManifest.xml:20:5-44
MERGED from [com.android.support:support-fragment:28.0.0] AndroidManifest.xml:20:5-44
MERGED from [com.android.support:animated-vector-drawable:28.0.0] AndroidManifest.xml:20:5-44
MERGED from [com.android.support:animated-vector-drawable:28.0.0] AndroidManifest.xml:20:5-44
MERGED from [com.android.support:recyclerview-v7:28.0.0] AndroidManifest.xml:20:5-44
MERGED from [com.android.support:recyclerview-v7:28.0.0] AndroidManifest.xml:20:5-44
MERGED from [com.android.support:support-core-ui:28.0.0] AndroidManifest.xml:20:5-44
MERGED from [com.android.support:support-core-ui:28.0.0] AndroidManifest.xml:20:5-44
MERGED from [com.android.support:support-core-utils:28.0.0] AndroidManifest.xml:20:5-44
MERGED from [com.android.support:support-core-utils:28.0.0] AndroidManifest.xml:20:5-44
MERGED from [com.android.support:support-vector-drawable:28.0.0] AndroidManifest.xml:20:5-44
MERGED from [com.android.support:support-vector-drawable:28.0.0] AndroidManifest.xml:20:5-44
MERGED from [com.android.support:transition:28.0.0] AndroidManifest.xml:20:5-44
MERGED from [com.android.support:transition:28.0.0] AndroidManifest.xml:20:5-44
MERGED from [com.android.support:support-media-compat:28.0.0] AndroidManifest.xml:20:5-44
MERGED from [com.android.support:support-media-compat:28.0.0] AndroidManifest.xml:20:5-44
MERGED from [com.android.support:loader:28.0.0] AndroidManifest.xml:20:5-44
MERGED from [com.android.support:loader:28.0.0] AndroidManifest.xml:20:5-44
MERGED from [com.android.support:viewpager:28.0.0] AndroidManifest.xml:20:5-44
MERGED from [com.android.support:viewpager:28.0.0] AndroidManifest.xml:20:5-44
MERGED from [com.android.support:coordinatorlayout:28.0.0] AndroidManifest.xml:20:5-44
MERGED from [com.android.support:coordinatorlayout:28.0.0] AndroidManifest.xml:20:5-44
MERGED from [com.android.support:drawerlayout:28.0.0] AndroidManifest.xml:20:5-44
MERGED from [com.android.support:drawerlayout:28.0.0] AndroidManifest.xml:20:5-44
MERGED from [com.android.support:slidingpanelayout:28.0.0] AndroidManifest.xml:20:5-44
MERGED from [com.android.support:slidingpanelayout:28.0.0] AndroidManifest.xml:20:5-44
MERGED from [com.android.support:customview:28.0.0] AndroidManifest.xml:20:5-44
MERGED from [com.android.support:customview:28.0.0] AndroidManifest.xml:20:5-44
MERGED from [com.android.support:swiperefreshlayout:28.0.0] AndroidManifest.xml:20:5-44
MERGED from [com.android.support:swiperefreshlayout:28.0.0] AndroidManifest.xml:20:5-44
MERGED from [com.android.support:asynclayoutinflater:28.0.0] AndroidManifest.xml:20:5-44
MERGED from [com.android.support:asynclayoutinflater:28.0.0] AndroidManifest.xml:20:5-44
MERGED from [com.android.support:support-compat:28.0.0] AndroidManifest.xml:20:5-44
MERGED from [com.android.support:support-compat:28.0.0] AndroidManifest.xml:20:5-44
MERGED from [com.android.support:versionedparcelable:28.0.0] AndroidManifest.xml:20:5-44
MERGED from [com.android.support:versionedparcelable:28.0.0] AndroidManifest.xml:20:5-44
MERGED from [com.android.support:cursoradapter:28.0.0] AndroidManifest.xml:20:5-44
MERGED from [com.android.support:cursoradapter:28.0.0] AndroidManifest.xml:20:5-44
MERGED from [com.android.support:cardview-v7:28.0.0] AndroidManifest.xml:20:5-44
MERGED from [com.android.support:cardview-v7:28.0.0] AndroidManifest.xml:20:5-44
MERGED from [com.android.support:exifinterface:27.1.0] AndroidManifest.xml:20:5-44
MERGED from [com.android.support:exifinterface:27.1.0] AndroidManifest.xml:20:5-44
MERGED from [android.arch.lifecycle:runtime:1.1.1] AndroidManifest.xml:20:5-44
MERGED from [android.arch.lifecycle:runtime:1.1.1] AndroidManifest.xml:20:5-44
MERGED from [com.android.support:documentfile:28.0.0] AndroidManifest.xml:20:5-44
MERGED from [com.android.support:documentfile:28.0.0] AndroidManifest.xml:20:5-44
MERGED from [com.android.support:localbroadcastmanager:28.0.0] AndroidManifest.xml:20:5-44
MERGED from [com.android.support:localbroadcastmanager:28.0.0] AndroidManifest.xml:20:5-44
MERGED from [com.android.support:print:28.0.0] AndroidManifest.xml:20:5-44
MERGED from [com.android.support:print:28.0.0] AndroidManifest.xml:20:5-44
MERGED from [android.arch.lifecycle:viewmodel:1.1.1] AndroidManifest.xml:20:5-44
MERGED from [android.arch.lifecycle:viewmodel:1.1.1] AndroidManifest.xml:20:5-44
MERGED from [com.android.support:interpolator:28.0.0] AndroidManifest.xml:20:5-44
MERGED from [com.android.support:interpolator:28.0.0] AndroidManifest.xml:20:5-44
MERGED from [android.arch.lifecycle:livedata:1.1.1] AndroidManifest.xml:20:5-44
MERGED from [android.arch.lifecycle:livedata:1.1.1] AndroidManifest.xml:20:5-44
MERGED from [android.arch.lifecycle:livedata-core:1.1.1] AndroidManifest.xml:20:5-44
MERGED from [android.arch.lifecycle:livedata-core:1.1.1] AndroidManifest.xml:20:5-44
MERGED from [android.arch.core:runtime:1.1.1] AndroidManifest.xml:20:5-44
MERGED from [android.arch.core:runtime:1.1.1] AndroidManifest.xml:20:5-44
MERGED from [com.google.android.gms:play-services-maps-license:11.4.2] AndroidManifest.xml:4:5-43
MERGED from [com.google.android.gms:play-services-maps-license:11.4.2] AndroidManifest.xml:4:5-43
MERGED from [com.google.android.gms:play-services-base-license:11.4.2] AndroidManifest.xml:4:5-43
MERGED from [com.google.android.gms:play-services-base-license:11.4.2] AndroidManifest.xml:4:5-43
MERGED from [com.google.android.gms:play-services-basement-license:11.4.2] AndroidManifest.xml:4:5-43
MERGED from [com.google.android.gms:play-services-basement-license:11.4.2] AndroidManifest.xml:4:5-43
MERGED from [com.google.android.gms:play-services-tasks-license:11.4.2] AndroidManifest.xml:4:5-43
MERGED from [com.google.android.gms:play-services-tasks-license:11.4.2] AndroidManifest.xml:4:5-43
INJECTED from src/main/AndroidManifest.xml
INJECTED from src/main/AndroidManifest.xml
	android:targetSdkVersion
		INJECTED from src/main/AndroidManifest.xml
		ADDED from src/main/AndroidManifest.xml
		INJECTED from src/main/AndroidManifest.xml
	android:minSdkVersion
		INJECTED from src/main/AndroidManifest.xml
		ADDED from src/main/AndroidManifest.xml
		INJECTED from src/main/AndroidManifest.xml
uses-feature#0x00020000
ADDED from [com.google.android.gms:play-services-maps:11.4.2] AndroidManifest.xml:21:5-77
	android:glEsVersion
		ADDED from [com.google.android.gms:play-services-maps:11.4.2] AndroidManifest.xml:21:19-51
	android:required
		ADDED from [com.google.android.gms:play-services-maps:11.4.2] AndroidManifest.xml:21:52-75
activity#com.google.android.gms.common.api.GoogleApiActivity
ADDED from [com.google.android.gms:play-services-base:11.4.2] AndroidManifest.xml:19:9-172
	android:exported
		ADDED from [com.google.android.gms:play-services-base:11.4.2] AndroidManifest.xml:19:146-170
	android:theme
		ADDED from [com.google.android.gms:play-services-base:11.4.2] AndroidManifest.xml:19:86-145
	android:name
		ADDED from [com.google.android.gms:play-services-base:11.4.2] AndroidManifest.xml:19:19-85
meta-data#com.google.android.gms.version
ADDED from [com.google.android.gms:play-services-basement:11.4.2] AndroidManifest.xml:20:9-121
	android:value
		ADDED from [com.google.android.gms:play-services-basement:11.4.2] AndroidManifest.xml:20:66-119
	android:name
		ADDED from [com.google.android.gms:play-services-basement:11.4.2] AndroidManifest.xml:20:20-65
provider#com.squareup.picasso.PicassoProvider
ADDED from [com.squareup.picasso:picasso:2.71828] AndroidManifest.xml:8:9-11:40
	android:authorities
		ADDED from [com.squareup.picasso:picasso:2.71828] AndroidManifest.xml:10:13-72
	android:exported
		ADDED from [com.squareup.picasso:picasso:2.71828] AndroidManifest.xml:11:13-37
	android:name
		ADDED from [com.squareup.picasso:picasso:2.71828] AndroidManifest.xml:9:13-64